<?xml version="1.0" encoding="UTF-8"?>
<testsuite xmlns:xsi="http://www.w3.org/2001/XMLSchema-instance" xsi:noNamespaceSchemaLocation="https://maven.apache.org/surefire/maven-surefire-plugin/xsd/surefire-test-report.xsd" name="TestSuite" time="16.953" tests="1" errors="0" skipped="0" failures="0">
  <properties>
    <property name="gopherProxySet" value="false"/>
    <property name="awt.toolkit" value="sun.lwawt.macosx.LWCToolkit"/>
    <property name="file.encoding.pkg" value="sun.io"/>
    <property name="java.specification.version" value="1.8"/>
    <property name="sun.cpu.isalist" value=""/>
    <property name="sun.jnu.encoding" value="UTF-8"/>
    <property name="java.class.path" value="/Users/sofanabenoutiq/Desktop/TravelersIns_QA/TravelsIns-QA/target/test-classes:/Users/sofanabenoutiq/Desktop/TravelersIns_QA/TravelsIns-QA/target/classes:/Users/sofanabenoutiq/.m2/repository/org/testng/testng/6.14.3/testng-6.14.3.jar:/Users/sofanabenoutiq/.m2/repository/com/beust/jcommander/1.72/jcommander-1.72.jar:/Users/sofanabenoutiq/.m2/repository/org/apache-extras/beanshell/bsh/2.0b6/bsh-2.0b6.jar:/Users/sofanabenoutiq/.m2/repository/io/github/bonigarcia/webdrivermanager/3.1.1/webdrivermanager-3.1.1.jar:/Users/sofanabenoutiq/.m2/repository/org/slf4j/slf4j-api/1.7.25/slf4j-api-1.7.25.jar:/Users/sofanabenoutiq/.m2/repository/commons-io/commons-io/2.6/commons-io-2.6.jar:/Users/sofanabenoutiq/.m2/repository/com/google/code/gson/gson/2.8.5/gson-2.8.5.jar:/Users/sofanabenoutiq/.m2/repository/org/apache/commons/commons-lang3/3.7/commons-lang3-3.7.jar:/Users/sofanabenoutiq/.m2/repository/org/apache/httpcomponents/httpclient/4.5.5/httpclient-4.5.5.jar:/Users/sofanabenoutiq/.m2/repository/org/apache/httpcomponents/httpcore/4.4.9/httpcore-4.4.9.jar:/Users/sofanabenoutiq/.m2/repository/commons-logging/commons-logging/1.2/commons-logging-1.2.jar:/Users/sofanabenoutiq/.m2/repository/org/rauschig/jarchivelib/0.8.0/jarchivelib-0.8.0.jar:/Users/sofanabenoutiq/.m2/repository/org/jsoup/jsoup/1.11.3/jsoup-1.11.3.jar:/Users/sofanabenoutiq/.m2/repository/org/apache/poi/poi/4.0.1/poi-4.0.1.jar:/Users/sofanabenoutiq/.m2/repository/commons-codec/commons-codec/1.11/commons-codec-1.11.jar:/Users/sofanabenoutiq/.m2/repository/org/apache/commons/commons-collections4/4.2/commons-collections4-4.2.jar:/Users/sofanabenoutiq/.m2/repository/org/apache/commons/commons-math3/3.6.1/commons-math3-3.6.1.jar:/Users/sofanabenoutiq/.m2/repository/org/apache/poi/poi-ooxml/4.0.1/poi-ooxml-4.0.1.jar:/Users/sofanabenoutiq/.m2/repository/org/apache/poi/poi-ooxml-schemas/4.0.1/poi-ooxml-schemas-4.0.1.jar:/Users/sofanabenoutiq/.m2/repository/org/apache/xmlbeans/xmlbeans/3.0.2/xmlbeans-3.0.2.jar:/Users/sofanabenoutiq/.m2/repository/org/apache/commons/commons-compress/1.18/commons-compress-1.18.jar:/Users/sofanabenoutiq/.m2/repository/com/github/virtuald/curvesapi/1.05/curvesapi-1.05.jar:/Users/sofanabenoutiq/.m2/repository/org/seleniumhq/selenium/selenium-chrome-driver/3.141.59/selenium-chrome-driver-3.141.59.jar:/Users/sofanabenoutiq/.m2/repository/org/seleniumhq/selenium/selenium-api/3.141.59/selenium-api-3.141.59.jar:/Users/sofanabenoutiq/.m2/repository/org/seleniumhq/selenium/selenium-remote-driver/3.141.59/selenium-remote-driver-3.141.59.jar:/Users/sofanabenoutiq/.m2/repository/net/bytebuddy/byte-buddy/1.8.15/byte-buddy-1.8.15.jar:/Users/sofanabenoutiq/.m2/repository/org/apache/commons/commons-exec/1.3/commons-exec-1.3.jar:/Users/sofanabenoutiq/.m2/repository/com/google/guava/guava/25.0-jre/guava-25.0-jre.jar:/Users/sofanabenoutiq/.m2/repository/com/google/code/findbugs/jsr305/1.3.9/jsr305-1.3.9.jar:/Users/sofanabenoutiq/.m2/repository/org/checkerframework/checker-compat-qual/2.0.0/checker-compat-qual-2.0.0.jar:/Users/sofanabenoutiq/.m2/repository/com/google/errorprone/error_prone_annotations/2.1.3/error_prone_annotations-2.1.3.jar:/Users/sofanabenoutiq/.m2/repository/com/google/j2objc/j2objc-annotations/1.1/j2objc-annotations-1.1.jar:/Users/sofanabenoutiq/.m2/repository/org/codehaus/mojo/animal-sniffer-annotations/1.14/animal-sniffer-annotations-1.14.jar:/Users/sofanabenoutiq/.m2/repository/com/squareup/okhttp3/okhttp/3.11.0/okhttp-3.11.0.jar:/Users/sofanabenoutiq/.m2/repository/com/squareup/okio/okio/1.14.0/okio-1.14.0.jar:/Users/sofanabenoutiq/.m2/repository/ru/sbtqa/tag/pagefactory/page-factory-core/7.5.0/page-factory-core-7.5.0.jar:/Users/sofanabenoutiq/.m2/repository/org/aspectj/aspectjrt/1.8.13/aspectjrt-1.8.13.jar:/Users/sofanabenoutiq/.m2/repository/ru/sbtqa/tag/pagefactory/page-factory-api/7.5.0/page-factory-api-7.5.0.jar:/Users/sofanabenoutiq/.m2/repository/ru/sbtqa/tag/allure-helper/1.4.2/allure-helper-1.4.2.jar:/Users/sofanabenoutiq/.m2/repository/io/qameta/allure/allure-cucumber2-jvm/2.7.0/allure-cucumber2-jvm-2.7.0.jar:/Users/sofanabenoutiq/.m2/repository/io/qameta/allure/allure-java-commons/2.7.0/allure-java-commons-2.7.0.jar:/Users/sofanabenoutiq/.m2/repository/io/qameta/allure/allure2-model-api/1.0.0/allure2-model-api-1.0.0.jar:/Users/sofanabenoutiq/.m2/repository/io/qameta/allure/allure2-model-pojo/1.0.0/allure2-model-pojo-1.0.0.jar:/Users/sofanabenoutiq/.m2/repository/org/apache/tika/tika-core/1.14/tika-core-1.14.jar:/Users/sofanabenoutiq/.m2/repository/io/qameta/allure/allure2-model-jackson/1.0.0/allure2-model-jackson-1.0.0.jar:/Users/sofanabenoutiq/.m2/repository/com/fasterxml/jackson/core/jackson-databind/2.7.0/jackson-databind-2.7.0.jar:/Users/sofanabenoutiq/.m2/repository/com/fasterxml/jackson/core/jackson-annotations/2.7.0/jackson-annotations-2.7.0.jar:/Users/sofanabenoutiq/.m2/repository/com/fasterxml/jackson/core/jackson-core/2.7.0/jackson-core-2.7.0.jar:/Users/sofanabenoutiq/.m2/repository/com/fasterxml/jackson/module/jackson-module-jaxb-annotations/2.7.0/jackson-module-jaxb-annotations-2.7.0.jar:/Users/sofanabenoutiq/.m2/repository/org/jooq/joor-java-8/0.9.9/joor-java-8-0.9.9.jar:/Users/sofanabenoutiq/.m2/repository/ru/sbtqa/tag/qa-utils/1.4.0/qa-utils-1.4.0.jar:/Users/sofanabenoutiq/.m2/repository/org/slf4j/slf4j-log4j12/1.7.22/slf4j-log4j12-1.7.22.jar:/Users/sofanabenoutiq/.m2/repository/log4j/log4j/1.2.17/log4j-1.2.17.jar:/Users/sofanabenoutiq/.m2/repository/ru/sbtqa/tag/video-recorder/1.0.7/video-recorder-1.0.7.jar:/Users/sofanabenoutiq/.m2/repository/ru/sbtqa/monte-media/1.1.0-JAVA7/monte-media-1.1.0-JAVA7.jar:/Users/sofanabenoutiq/.m2/repository/ru/sbtqa/tag/datajack/datajack-api/4.0.4/datajack-api-4.0.4.jar:/Users/sofanabenoutiq/.m2/repository/org/mongodb/mongo-java-driver/3.2.2/mongo-java-driver-3.2.2.jar:/Users/sofanabenoutiq/.m2/repository/org/seleniumhq/selenium/selenium-support/3.11.0/selenium-support-3.11.0.jar:/Users/sofanabenoutiq/.m2/repository/org/reflections/reflections/0.9.10/reflections-0.9.10.jar:/Users/sofanabenoutiq/.m2/repository/org/javassist/javassist/3.19.0-GA/javassist-3.19.0-GA.jar:/Users/sofanabenoutiq/.m2/repository/com/google/code/findbugs/annotations/2.0.1/annotations-2.0.1.jar:/Users/sofanabenoutiq/.m2/repository/org/aeonbits/owner/owner/1.0.9/owner-1.0.9.jar:/Users/sofanabenoutiq/.m2/repository/io/cucumber/cucumber-junit/2.4.0/cucumber-junit-2.4.0.jar:/Users/sofanabenoutiq/.m2/repository/io/cucumber/cucumber-core/2.4.0/cucumber-core-2.4.0.jar:/Users/sofanabenoutiq/.m2/repository/info/cukes/cucumber-html/0.2.6/cucumber-html-0.2.6.jar:/Users/sofanabenoutiq/.m2/repository/io/cucumber/cucumber-jvm-deps/1.0.6/cucumber-jvm-deps-1.0.6.jar:/Users/sofanabenoutiq/.m2/repository/io/cucumber/gherkin/5.0.0/gherkin-5.0.0.jar:/Users/sofanabenoutiq/.m2/repository/io/cucumber/tag-expressions/1.1.1/tag-expressions-1.1.1.jar:/Users/sofanabenoutiq/.m2/repository/io/cucumber/cucumber-java/2.4.0/cucumber-java-2.4.0.jar:/Users/sofanabenoutiq/.m2/repository/junit/junit/4.12/junit-4.12.jar:/Users/sofanabenoutiq/.m2/repository/org/hamcrest/hamcrest-core/1.3/hamcrest-core-1.3.jar:"/>
    <property name="java.vm.vendor" value="Oracle Corporation"/>
    <property name="sun.arch.data.model" value="64"/>
    <property name="java.vendor.url" value="http://java.oracle.com/"/>
    <property name="user.timezone" value=""/>
    <property name="java.vm.specification.version" value="1.8"/>
    <property name="os.name" value="Mac OS X"/>
    <property name="user.country" value="US"/>
    <property name="sun.java.launcher" value="SUN_STANDARD"/>
    <property name="sun.boot.library.path" value="/Library/Java/JavaVirtualMachines/jdk1.8.0_191.jdk/Contents/Home/jre/lib"/>
    <property name="sun.java.command" value="/Users/sofanabenoutiq/Desktop/TravelersIns_QA/TravelsIns-QA/target/surefire/surefirebooter7420199077502473259.jar /Users/sofanabenoutiq/Desktop/TravelersIns_QA/TravelsIns-QA/target/surefire 2018-12-20T22-33-08_909-jvmRun1 surefire2110471180362178367tmp surefire_08514748347251272928tmp"/>
    <property name="http.nonProxyHosts" value="local|*.local|169.254/16|*.169.254/16"/>
    <property name="surefire.test.class.path" value="/Users/sofanabenoutiq/Desktop/TravelersIns_QA/TravelsIns-QA/target/test-classes:/Users/sofanabenoutiq/Desktop/TravelersIns_QA/TravelsIns-QA/target/classes:/Users/sofanabenoutiq/.m2/repository/org/testng/testng/6.14.3/testng-6.14.3.jar:/Users/sofanabenoutiq/.m2/repository/com/beust/jcommander/1.72/jcommander-1.72.jar:/Users/sofanabenoutiq/.m2/repository/org/apache-extras/beanshell/bsh/2.0b6/bsh-2.0b6.jar:/Users/sofanabenoutiq/.m2/repository/io/github/bonigarcia/webdrivermanager/3.1.1/webdrivermanager-3.1.1.jar:/Users/sofanabenoutiq/.m2/repository/org/slf4j/slf4j-api/1.7.25/slf4j-api-1.7.25.jar:/Users/sofanabenoutiq/.m2/repository/commons-io/commons-io/2.6/commons-io-2.6.jar:/Users/sofanabenoutiq/.m2/repository/com/google/code/gson/gson/2.8.5/gson-2.8.5.jar:/Users/sofanabenoutiq/.m2/repository/org/apache/commons/commons-lang3/3.7/commons-lang3-3.7.jar:/Users/sofanabenoutiq/.m2/repository/org/apache/httpcomponents/httpclient/4.5.5/httpclient-4.5.5.jar:/Users/sofanabenoutiq/.m2/repository/org/apache/httpcomponents/httpcore/4.4.9/httpcore-4.4.9.jar:/Users/sofanabenoutiq/.m2/repository/commons-logging/commons-logging/1.2/commons-logging-1.2.jar:/Users/sofanabenoutiq/.m2/repository/org/rauschig/jarchivelib/0.8.0/jarchivelib-0.8.0.jar:/Users/sofanabenoutiq/.m2/repository/org/jsoup/jsoup/1.11.3/jsoup-1.11.3.jar:/Users/sofanabenoutiq/.m2/repository/org/apache/poi/poi/4.0.1/poi-4.0.1.jar:/Users/sofanabenoutiq/.m2/repository/commons-codec/commons-codec/1.11/commons-codec-1.11.jar:/Users/sofanabenoutiq/.m2/repository/org/apache/commons/commons-collections4/4.2/commons-collections4-4.2.jar:/Users/sofanabenoutiq/.m2/repository/org/apache/commons/commons-math3/3.6.1/commons-math3-3.6.1.jar:/Users/sofanabenoutiq/.m2/repository/org/apache/poi/poi-ooxml/4.0.1/poi-ooxml-4.0.1.jar:/Users/sofanabenoutiq/.m2/repository/org/apache/poi/poi-ooxml-schemas/4.0.1/poi-ooxml-schemas-4.0.1.jar:/Users/sofanabenoutiq/.m2/repository/org/apache/xmlbeans/xmlbeans/3.0.2/xmlbeans-3.0.2.jar:/Users/sofanabenoutiq/.m2/repository/org/apache/commons/commons-compress/1.18/commons-compress-1.18.jar:/Users/sofanabenoutiq/.m2/repository/com/github/virtuald/curvesapi/1.05/curvesapi-1.05.jar:/Users/sofanabenoutiq/.m2/repository/org/seleniumhq/selenium/selenium-chrome-driver/3.141.59/selenium-chrome-driver-3.141.59.jar:/Users/sofanabenoutiq/.m2/repository/org/seleniumhq/selenium/selenium-api/3.141.59/selenium-api-3.141.59.jar:/Users/sofanabenoutiq/.m2/repository/org/seleniumhq/selenium/selenium-remote-driver/3.141.59/selenium-remote-driver-3.141.59.jar:/Users/sofanabenoutiq/.m2/repository/net/bytebuddy/byte-buddy/1.8.15/byte-buddy-1.8.15.jar:/Users/sofanabenoutiq/.m2/repository/org/apache/commons/commons-exec/1.3/commons-exec-1.3.jar:/Users/sofanabenoutiq/.m2/repository/com/google/guava/guava/25.0-jre/guava-25.0-jre.jar:/Users/sofanabenoutiq/.m2/repository/com/google/code/findbugs/jsr305/1.3.9/jsr305-1.3.9.jar:/Users/sofanabenoutiq/.m2/repository/org/checkerframework/checker-compat-qual/2.0.0/checker-compat-qual-2.0.0.jar:/Users/sofanabenoutiq/.m2/repository/com/google/errorprone/error_prone_annotations/2.1.3/error_prone_annotations-2.1.3.jar:/Users/sofanabenoutiq/.m2/repository/com/google/j2objc/j2objc-annotations/1.1/j2objc-annotations-1.1.jar:/Users/sofanabenoutiq/.m2/repository/org/codehaus/mojo/animal-sniffer-annotations/1.14/animal-sniffer-annotations-1.14.jar:/Users/sofanabenoutiq/.m2/repository/com/squareup/okhttp3/okhttp/3.11.0/okhttp-3.11.0.jar:/Users/sofanabenoutiq/.m2/repository/com/squareup/okio/okio/1.14.0/okio-1.14.0.jar:/Users/sofanabenoutiq/.m2/repository/ru/sbtqa/tag/pagefactory/page-factory-core/7.5.0/page-factory-core-7.5.0.jar:/Users/sofanabenoutiq/.m2/repository/org/aspectj/aspectjrt/1.8.13/aspectjrt-1.8.13.jar:/Users/sofanabenoutiq/.m2/repository/ru/sbtqa/tag/pagefactory/page-factory-api/7.5.0/page-factory-api-7.5.0.jar:/Users/sofanabenoutiq/.m2/repository/ru/sbtqa/tag/allure-helper/1.4.2/allure-helper-1.4.2.jar:/Users/sofanabenoutiq/.m2/repository/io/qameta/allure/allure-cucumber2-jvm/2.7.0/allure-cucumber2-jvm-2.7.0.jar:/Users/sofanabenoutiq/.m2/repository/io/qameta/allure/allure-java-commons/2.7.0/allure-java-commons-2.7.0.jar:/Users/sofanabenoutiq/.m2/repository/io/qameta/allure/allure2-model-api/1.0.0/allure2-model-api-1.0.0.jar:/Users/sofanabenoutiq/.m2/repository/io/qameta/allure/allure2-model-pojo/1.0.0/allure2-model-pojo-1.0.0.jar:/Users/sofanabenoutiq/.m2/repository/org/apache/tika/tika-core/1.14/tika-core-1.14.jar:/Users/sofanabenoutiq/.m2/repository/io/qameta/allure/allure2-model-jackson/1.0.0/allure2-model-jackson-1.0.0.jar:/Users/sofanabenoutiq/.m2/repository/com/fasterxml/jackson/core/jackson-databind/2.7.0/jackson-databind-2.7.0.jar:/Users/sofanabenoutiq/.m2/repository/com/fasterxml/jackson/core/jackson-annotations/2.7.0/jackson-annotations-2.7.0.jar:/Users/sofanabenoutiq/.m2/repository/com/fasterxml/jackson/core/jackson-core/2.7.0/jackson-core-2.7.0.jar:/Users/sofanabenoutiq/.m2/repository/com/fasterxml/jackson/module/jackson-module-jaxb-annotations/2.7.0/jackson-module-jaxb-annotations-2.7.0.jar:/Users/sofanabenoutiq/.m2/repository/org/jooq/joor-java-8/0.9.9/joor-java-8-0.9.9.jar:/Users/sofanabenoutiq/.m2/repository/ru/sbtqa/tag/qa-utils/1.4.0/qa-utils-1.4.0.jar:/Users/sofanabenoutiq/.m2/repository/org/slf4j/slf4j-log4j12/1.7.22/slf4j-log4j12-1.7.22.jar:/Users/sofanabenoutiq/.m2/repository/log4j/log4j/1.2.17/log4j-1.2.17.jar:/Users/sofanabenoutiq/.m2/repository/ru/sbtqa/tag/video-recorder/1.0.7/video-recorder-1.0.7.jar:/Users/sofanabenoutiq/.m2/repository/ru/sbtqa/monte-media/1.1.0-JAVA7/monte-media-1.1.0-JAVA7.jar:/Users/sofanabenoutiq/.m2/repository/ru/sbtqa/tag/datajack/datajack-api/4.0.4/datajack-api-4.0.4.jar:/Users/sofanabenoutiq/.m2/repository/org/mongodb/mongo-java-driver/3.2.2/mongo-java-driver-3.2.2.jar:/Users/sofanabenoutiq/.m2/repository/org/seleniumhq/selenium/selenium-support/3.11.0/selenium-support-3.11.0.jar:/Users/sofanabenoutiq/.m2/repository/org/reflections/reflections/0.9.10/reflections-0.9.10.jar:/Users/sofanabenoutiq/.m2/repository/org/javassist/javassist/3.19.0-GA/javassist-3.19.0-GA.jar:/Users/sofanabenoutiq/.m2/repository/com/google/code/findbugs/annotations/2.0.1/annotations-2.0.1.jar:/Users/sofanabenoutiq/.m2/repository/org/aeonbits/owner/owner/1.0.9/owner-1.0.9.jar:/Users/sofanabenoutiq/.m2/repository/io/cucumber/cucumber-junit/2.4.0/cucumber-junit-2.4.0.jar:/Users/sofanabenoutiq/.m2/repository/io/cucumber/cucumber-core/2.4.0/cucumber-core-2.4.0.jar:/Users/sofanabenoutiq/.m2/repository/info/cukes/cucumber-html/0.2.6/cucumber-html-0.2.6.jar:/Users/sofanabenoutiq/.m2/repository/io/cucumber/cucumber-jvm-deps/1.0.6/cucumber-jvm-deps-1.0.6.jar:/Users/sofanabenoutiq/.m2/repository/io/cucumber/gherkin/5.0.0/gherkin-5.0.0.jar:/Users/sofanabenoutiq/.m2/repository/io/cucumber/tag-expressions/1.1.1/tag-expressions-1.1.1.jar:/Users/sofanabenoutiq/.m2/repository/io/cucumber/cucumber-java/2.4.0/cucumber-java-2.4.0.jar:/Users/sofanabenoutiq/.m2/repository/junit/junit/4.12/junit-4.12.jar:/Users/sofanabenoutiq/.m2/repository/org/hamcrest/hamcrest-core/1.3/hamcrest-core-1.3.jar:"/>
    <property name="sun.cpu.endian" value="little"/>
    <property name="user.home" value="/Users/sofanabenoutiq"/>
    <property name="user.language" value="en"/>
    <property name="java.specification.vendor" value="Oracle Corporation"/>
    <property name="java.home" value="/Library/Java/JavaVirtualMachines/jdk1.8.0_191.jdk/Contents/Home/jre"/>
    <property name="basedir" value="/Users/sofanabenoutiq/Desktop/TravelersIns_QA/TravelsIns-QA"/>
    <property name="file.separator" value="/"/>
    <property name="line.separator" value="&#10;"/>
    <property name="java.vm.specification.vendor" value="Oracle Corporation"/>
    <property name="java.specification.name" value="Java Platform API Specification"/>
    <property name="java.awt.graphicsenv" value="sun.awt.CGraphicsEnvironment"/>
    <property name="surefire.real.class.path" value="/Users/sofanabenoutiq/Desktop/TravelersIns_QA/TravelsIns-QA/target/surefire/surefirebooter7420199077502473259.jar"/>
    <property name="sun.boot.class.path" value="/Library/Java/JavaVirtualMachines/jdk1.8.0_191.jdk/Contents/Home/jre/lib/resources.jar:/Library/Java/JavaVirtualMachines/jdk1.8.0_191.jdk/Contents/Home/jre/lib/rt.jar:/Library/Java/JavaVirtualMachines/jdk1.8.0_191.jdk/Contents/Home/jre/lib/sunrsasign.jar:/Library/Java/JavaVirtualMachines/jdk1.8.0_191.jdk/Contents/Home/jre/lib/jsse.jar:/Library/Java/JavaVirtualMachines/jdk1.8.0_191.jdk/Contents/Home/jre/lib/jce.jar:/Library/Java/JavaVirtualMachines/jdk1.8.0_191.jdk/Contents/Home/jre/lib/charsets.jar:/Library/Java/JavaVirtualMachines/jdk1.8.0_191.jdk/Contents/Home/jre/lib/jfr.jar:/Library/Java/JavaVirtualMachines/jdk1.8.0_191.jdk/Contents/Home/jre/classes"/>
    <property name="sun.management.compiler" value="HotSpot 64-Bit Tiered Compilers"/>
    <property name="ftp.nonProxyHosts" value="local|*.local|169.254/16|*.169.254/16"/>
    <property name="java.runtime.version" value="1.8.0_191-b12"/>
    <property name="user.name" value="sofanabenoutiq"/>
    <property name="path.separator" value=":"/>
    <property name="os.version" value="10.14"/>
    <property name="java.endorsed.dirs" value="/Library/Java/JavaVirtualMachines/jdk1.8.0_191.jdk/Contents/Home/jre/lib/endorsed"/>
    <property name="java.runtime.name" value="Java(TM) SE Runtime Environment"/>
    <property name="file.encoding" value="UTF-8"/>
    <property name="java.vm.name" value="Java HotSpot(TM) 64-Bit Server VM"/>
    <property name="localRepository" value="/Users/sofanabenoutiq/.m2/repository"/>
    <property name="java.vendor.url.bug" value="http://bugreport.sun.com/bugreport/"/>
    <property name="java.io.tmpdir" value="/var/folders/bm/8503fbvs6fb3676975ftg81m0000gn/T/"/>
    <property name="java.version" value="1.8.0_191"/>
    <property name="user.dir" value="/Users/sofanabenoutiq/Desktop/TravelersIns_QA/TravelsIns-QA"/>
    <property name="os.arch" value="x86_64"/>
    <property name="java.vm.specification.name" value="Java Virtual Machine Specification"/>
    <property name="java.awt.printerjob" value="sun.lwawt.macosx.CPrinterJob"/>
    <property name="sun.os.patch.level" value="unknown"/>
    <property name="java.library.path" value="/Users/sofanabenoutiq/Library/Java/Extensions:/Library/Java/Extensions:/Network/Library/Java/Extensions:/System/Library/Java/Extensions:/usr/lib/java:."/>
    <property name="java.vm.info" value="mixed mode"/>
    <property name="java.vendor" value="Oracle Corporation"/>
    <property name="java.vm.version" value="25.191-b12"/>
    <property name="java.ext.dirs" value="/Users/sofanabenoutiq/Library/Java/Extensions:/Library/Java/JavaVirtualMachines/jdk1.8.0_191.jdk/Contents/Home/jre/lib/ext:/Library/Java/Extensions:/Network/Library/Java/Extensions:/System/Library/Java/Extensions:/usr/lib/java"/>
    <property name="sun.io.unicode.encoding" value="UnicodeBig"/>
    <property name="java.class.version" value="52.0"/>
    <property name="socksNonProxyHosts" value="local|*.local|169.254/16|*.169.254/16"/>
  </properties>
  <testcase name="FindAnAgentSection" classname="pomDesign.FindAnAgentTest" time="8.87"/>
</testsuite>