<?xml version="1.0" encoding="UTF-8"?>
<!-- Generated by org.testng.reporters.JUnitReportReporter -->
<testsuite skipped="0" hostname="sofanas-MacBook-Pro.local" name="pomDesign.FindAnAgentTest" tests="1" failures="0" timestamp="21 Dec 2018 03:38:55 GMT" time="9.227" errors="0">
  <testcase name="FindAnAgentSection" time="9.227" classname="pomDesign.FindAnAgentTest"/>
</testsuite> <!-- pomDesign.FindAnAgentTest -->
