<?xml version="1.0" encoding="UTF-8"?>
<!-- Generated by org.testng.reporters.JUnitReportReporter -->
<testsuite skipped="0" hostname="sofanas-MacBook-Pro.local" name="pomDesign.SeachBylocationTest" tests="1" failures="0" timestamp="21 Dec 2018 03:38:55 GMT" time="86.266" errors="0">
  <testcase name="SearchByLocation" time="86.266" classname="pomDesign.SeachBylocationTest"/>
</testsuite> <!-- pomDesign.SeachBylocationTest -->
