<?xml version="1.0" encoding="UTF-8"?>
<!-- Generated by org.testng.reporters.JUnitReportReporter -->
<testsuite skipped="0" hostname="sofanas-MacBook-Pro.local" name="pomDesign.FindAnAgentTest" tests="1" failures="0" timestamp="21 Dec 2018 03:33:26 GMT" time="8.868" errors="0">
  <testcase name="FindAnAgentSection" time="8.868" classname="pomDesign.FindAnAgentTest"/>
</testsuite> <!-- pomDesign.FindAnAgentTest -->
